Determining if the function ped_file_system_clobber exists failed with the following output:
Change Dir: /home/thava/Documents/pkgbuilds/calamares/src/calamares-3.2.10/build/CMakeFiles/CMakeTmp

Run Build Command(s):/usr/bin/make cmTC_f7c15/fast && /usr/bin/make -f CMakeFiles/cmTC_f7c15.dir/build.make CMakeFiles/cmTC_f7c15.dir/build
make[1] : on entre dans le répertoire « /home/thava/Documents/pkgbuilds/calamares/src/calamares-3.2.10/build/CMakeFiles/CMakeTmp »
Building C object CMakeFiles/cmTC_f7c15.dir/CheckFunctionExists.c.o
/usr/bin/cc  -I/usr/include/parted  -march=x86-64 -mtune=generic -O2 -pipe -fno-plt -DCHECK_FUNCTION_EXISTS=ped_file_system_clobber   -o CMakeFiles/cmTC_f7c15.dir/CheckFunctionExists.c.o   -c /usr/share/cmake-3.15/Modules/CheckFunctionExists.c
Linking C executable cmTC_f7c15
/usr/bin/cmake -E cmake_link_script CMakeFiles/cmTC_f7c15.dir/link.txt --verbose=1
/usr/bin/cc -march=x86-64 -mtune=generic -O2 -pipe -fno-plt -DCHECK_FUNCTION_EXISTS=ped_file_system_clobber  -Wl,-O1,--sort-common,--as-needed,-z,relro,-z,now  -rdynamic CMakeFiles/cmTC_f7c15.dir/CheckFunctionExists.c.o  -o cmTC_f7c15 /usr/lib/libparted.so /usr/lib/libparted-fs-resize.so 
/usr/bin/ld : CMakeFiles/cmTC_f7c15.dir/CheckFunctionExists.c.o : dans la fonction « main » :
CheckFunctionExists.c:(.text.startup+0xd) : référence indéfinie vers « ped_file_system_clobber »
collect2: erreur: ld a retourné le statut de sortie 1
make[1]: *** [CMakeFiles/cmTC_f7c15.dir/build.make:89: cmTC_f7c15] Error 1
make[1] : on quitte le répertoire « /home/thava/Documents/pkgbuilds/calamares/src/calamares-3.2.10/build/CMakeFiles/CMakeTmp »
make: *** [Makefile:121: cmTC_f7c15/fast] Error 2



Determining if the function ped_file_system_resize exists failed with the following output:
Change Dir: /home/thava/Documents/pkgbuilds/calamares/src/calamares-3.2.10/build/CMakeFiles/CMakeTmp

Run Build Command(s):/usr/bin/make cmTC_dfcab/fast && /usr/bin/make -f CMakeFiles/cmTC_dfcab.dir/build.make CMakeFiles/cmTC_dfcab.dir/build
make[1] : on entre dans le répertoire « /home/thava/Documents/pkgbuilds/calamares/src/calamares-3.2.10/build/CMakeFiles/CMakeTmp »
Building C object CMakeFiles/cmTC_dfcab.dir/CheckFunctionExists.c.o
/usr/bin/cc  -I/usr/include/parted  -march=x86-64 -mtune=generic -O2 -pipe -fno-plt -DCHECK_FUNCTION_EXISTS=ped_file_system_resize   -o CMakeFiles/cmTC_dfcab.dir/CheckFunctionExists.c.o   -c /usr/share/cmake-3.15/Modules/CheckFunctionExists.c
Linking C executable cmTC_dfcab
/usr/bin/cmake -E cmake_link_script CMakeFiles/cmTC_dfcab.dir/link.txt --verbose=1
/usr/bin/cc -march=x86-64 -mtune=generic -O2 -pipe -fno-plt -DCHECK_FUNCTION_EXISTS=ped_file_system_resize  -Wl,-O1,--sort-common,--as-needed,-z,relro,-z,now  -rdynamic CMakeFiles/cmTC_dfcab.dir/CheckFunctionExists.c.o  -o cmTC_dfcab /usr/lib/libparted.so /usr/lib/libparted-fs-resize.so 
/usr/bin/ld : /usr/lib/libparted-fs-resize.so : référence indéfinie vers « ped_geometry_sync_fast »
/usr/bin/ld : /usr/lib/libparted-fs-resize.so : référence indéfinie vers « ped_timer_destroy_nested »
/usr/bin/ld : /usr/lib/libparted-fs-resize.so : référence indéfinie vers « ped_exception_throw »
/usr/bin/ld : /usr/lib/libparted-fs-resize.so : référence indéfinie vers « ped_geometry_new »
/usr/bin/ld : /usr/lib/libparted-fs-resize.so : référence indéfinie vers « ped_assert »
/usr/bin/ld : /usr/lib/libparted-fs-resize.so : référence indéfinie vers « ped_geometry_init »
/usr/bin/ld : /usr/lib/libparted-fs-resize.so : référence indéfinie vers « ped_timer_set_state_name »
/usr/bin/ld : /usr/lib/libparted-fs-resize.so : référence indéfinie vers « ped_geometry_read »
/usr/bin/ld : /usr/lib/libparted-fs-resize.so : référence indéfinie vers « ped_file_system_probe_specific »
/usr/bin/ld : /usr/lib/libparted-fs-resize.so : référence indéfinie vers « ped_geometry_test_sector_inside »
/usr/bin/ld : /usr/lib/libparted-fs-resize.so : référence indéfinie vers « ped_geometry_read_alloc »
/usr/bin/ld : /usr/lib/libparted-fs-resize.so : référence indéfinie vers « ped_exception_leave_all »
/usr/bin/ld : /usr/lib/libparted-fs-resize.so : référence indéfinie vers « ped_timer_update »
/usr/bin/ld : /usr/lib/libparted-fs-resize.so : référence indéfinie vers « ped_device_open »
/usr/bin/ld : /usr/lib/libparted-fs-resize.so : référence indéfinie vers « uuid_generate »
/usr/bin/ld : /usr/lib/libparted-fs-resize.so : référence indéfinie vers « ped_constraint_new »
/usr/bin/ld : /usr/lib/libparted-fs-resize.so : référence indéfinie vers « ped_malloc »
/usr/bin/ld : /usr/lib/libparted-fs-resize.so : référence indéfinie vers « ped_geometry_set »
/usr/bin/ld : /usr/lib/libparted-fs-resize.so : référence indéfinie vers « ped_geometry_destroy »
/usr/bin/ld : /usr/lib/libparted-fs-resize.so : référence indéfinie vers « ped_geometry_duplicate »
/usr/bin/ld : /usr/lib/libparted-fs-resize.so : référence indéfinie vers « ped_geometry_write »
/usr/bin/ld : /usr/lib/libparted-fs-resize.so : référence indéfinie vers « ped_unit_format »
/usr/bin/ld : /usr/lib/libparted-fs-resize.so : référence indéfinie vers « ped_geometry_sync »
/usr/bin/ld : /usr/lib/libparted-fs-resize.so : référence indéfinie vers « ped_file_system_probe »
/usr/bin/ld : /usr/lib/libparted-fs-resize.so : référence indéfinie vers « ptt_geom_clear_sectors »
/usr/bin/ld : /usr/lib/libparted-fs-resize.so : référence indéfinie vers « ped_alignment_any »
/usr/bin/ld : /usr/lib/libparted-fs-resize.so : référence indéfinie vers « ped_device_close »
/usr/bin/ld : /usr/lib/libparted-fs-resize.so : référence indéfinie vers « ped_geometry_map »
/usr/bin/ld : /usr/lib/libparted-fs-resize.so : référence indéfinie vers « ped_exception_fetch_all »
/usr/bin/ld : /usr/lib/libparted-fs-resize.so : référence indéfinie vers « ped_geometry_test_equal »
/usr/bin/ld : /usr/lib/libparted-fs-resize.so : référence indéfinie vers « ped_geometry_test_overlap »
/usr/bin/ld : /usr/lib/libparted-fs-resize.so : référence indéfinie vers « ped_geometry_set_end »
/usr/bin/ld : /usr/lib/libparted-fs-resize.so : référence indéfinie vers « ped_alignment_init »
/usr/bin/ld : /usr/lib/libparted-fs-resize.so : référence indéfinie vers « ped_exception_catch »
/usr/bin/ld : /usr/lib/libparted-fs-resize.so : référence indéfinie vers « ped_timer_reset »
/usr/bin/ld : /usr/lib/libparted-fs-resize.so : référence indéfinie vers « fat16_type »
/usr/bin/ld : /usr/lib/libparted-fs-resize.so : référence indéfinie vers « fat32_type »
/usr/bin/ld : /usr/lib/libparted-fs-resize.so : référence indéfinie vers « ped_geometry_test_inside »
/usr/bin/ld : /usr/lib/libparted-fs-resize.so : référence indéfinie vers « ped_timer_new_nested »
collect2: erreur: ld a retourné le statut de sortie 1
make[1]: *** [CMakeFiles/cmTC_dfcab.dir/build.make:89: cmTC_dfcab] Error 1
make[1] : on quitte le répertoire « /home/thava/Documents/pkgbuilds/calamares/src/calamares-3.2.10/build/CMakeFiles/CMakeTmp »
make: *** [Makefile:121: cmTC_dfcab/fast] Error 2



